# JRE version: OpenJDK Runtime Environment (8.0_152) (build 1.8.0_152-release-1343-b16-5323222)
# Java VM: OpenJDK 64-Bit Server VM (25.152-b16-5323222 mixed mode linux-amd64 compressed oops)
Heap:
 PSYoungGen      total 431104K, used 32K [0x000000076ab00000, 0x0000000788d80000, 0x00000007c0000000)
  eden space 371712K, 0% used [0x000000076ab00000,0x000000076ab00000,0x0000000781600000)
  from space 59392K, 0% used [0x0000000781600000,0x0000000781608000,0x0000000785000000)
  to   space 60928K, 0% used [0x0000000785000000,0x0000000785000000,0x0000000788b80000)
 ParOldGen       total 192000K, used 182200K [0x00000006c0000000, 0x00000006cbb80000, 0x000000076ab00000)
  object space 192000K, 94% used [0x00000006c0000000,0x00000006cb1ee1c8,0x00000006cbb80000)
 Metaspace       used 78678K, capacity 81358K, committed 81584K, reserved 1120256K
  class space    used 10493K, capacity 11165K, committed 11184K, reserved 1048576K
GC Heap History (10 events):
Event: 53.130 GC heap after
Heap after GC invocations=24 (full 4):
 PSYoungGen      total 317440K, used 36831K [0x000000076ab00000, 0x0000000782480000, 0x00000007c0000000)
  eden space 255488K, 0% used [0x000000076ab00000,0x000000076ab00000,0x000000077a480000)
  from space 61952K, 59% used [0x000000077e280000,0x0000000780677c38,0x0000000781f00000)
  to   space 63488K, 0% used [0x000000077a480000,0x000000077a480000,0x000000077e280000)
 ParOldGen       total 192000K, used 111010K [0x00000006c0000000, 0x00000006cbb80000, 0x000000076ab00000)
  object space 192000K, 57% used [0x00000006c0000000,0x00000006c6c688a0,0x00000006cbb80000)
 Metaspace       used 76947K, capacity 79496K, committed 79536K, reserved 1118208K
  class space    used 10266K, capacity 10908K, committed 10928K, reserved 1048576K
}
Event: 55.339 GC heap before
{Heap before GC invocations=25 (full 4):
 PSYoungGen      total 317440K, used 292319K [0x000000076ab00000, 0x0000000782480000, 0x00000007c0000000)
  eden space 255488K, 100% used [0x000000076ab00000,0x000000077a480000,0x000000077a480000)
  from space 61952K, 59% used [0x000000077e280000,0x0000000780677c38,0x0000000781f00000)
  to   space 63488K, 0% used [0x000000077a480000,0x000000077a480000,0x000000077e280000)
 ParOldGen       total 192000K, used 111010K [0x00000006c0000000, 0x00000006cbb80000, 0x000000076ab00000)
  object space 192000K, 57% used [0x00000006c0000000,0x00000006c6c688a0,0x00000006cbb80000)
 Metaspace       used 77030K, capacity 79636K, committed 79792K, reserved 1118208K
  class space    used 10274K, capacity 10910K, committed 10928K, reserved 1048576K
Event: 55.418 GC heap after
Heap after GC invocations=25 (full 4):
 PSYoungGen      total 318976K, used 34771K [0x000000076ab00000, 0x0000000785180000, 0x00000007c0000000)
  eden space 255488K, 0% used [0x000000076ab00000,0x000000076ab00000,0x000000077a480000)
  from space 63488K, 54% used [0x000000077a480000,0x000000077c674ff0,0x000000077e280000)
  to   space 63488K, 0% used [0x0000000781380000,0x0000000781380000,0x0000000785180000)
 ParOldGen       total 192000K, used 127022K [0x00000006c0000000, 0x00000006cbb80000, 0x000000076ab00000)
  object space 192000K, 66% used [0x00000006c0000000,0x00000006c7c0bbf0,0x00000006cbb80000)
 Metaspace       used 77030K, capacity 79636K, committed 79792K, reserved 1118208K
  class space    used 10274K, capacity 10910K, committed 10928K, reserved 1048576K
}
Event: 56.653 GC heap before
{Heap before GC invocations=26 (full 4):
 PSYoungGen      total 318976K, used 290259K [0x000000076ab00000, 0x0000000785180000, 0x00000007c0000000)
  eden space 255488K, 100% used [0x000000076ab00000,0x000000077a480000,0x000000077a480000)
  from space 63488K, 54% used [0x000000077a480000,0x000000077c674ff0,0x000000077e280000)
  to   space 63488K, 0% used [0x0000000781380000,0x0000000781380000,0x0000000785180000)
 ParOldGen       total 192000K, used 127022K [0x00000006c0000000, 0x00000006cbb80000, 0x000000076ab00000)
  object space 192000K, 66% used [0x00000006c0000000,0x00000006c7c0bbf0,0x00000006cbb80000)
 Metaspace       used 77036K, capacity 79636K, committed 79792K, reserved 1118208K
  class space    used 10275K, capacity 10910K, committed 10928K, reserved 1048576K
Event: 56.743 GC heap after
Heap after GC invocations=26 (full 4):
 PSYoungGen      total 369664K, used 35529K [0x000000076ab00000, 0x0000000785600000, 0x00000007c0000000)
  eden space 306176K, 0% used [0x000000076ab00000,0x000000076ab00000,0x000000077d600000)
  from space 63488K, 55% used [0x0000000781380000,0x00000007836324a0,0x0000000785180000)
  to   space 62976K, 0% used [0x000000077d600000,0x000000077d600000,0x0000000781380000)
 ParOldGen       total 192000K, used 136441K [0x00000006c0000000, 0x00000006cbb80000, 0x000000076ab00000)
  object space 192000K, 71% used [0x00000006c0000000,0x00000006c853e750,0x00000006cbb80000)
 Metaspace       used 77036K, capacity 79636K, committed 79792K, reserved 1118208K
  class space    used 10275K, capacity 10910K, committed 10928K, reserved 1048576K
}
Event: 59.105 GC heap before
{Heap before GC invocations=27 (full 4):
 PSYoungGen      total 369664K, used 341705K [0x000000076ab00000, 0x0000000785600000, 0x00000007c0000000)
  eden space 306176K, 100% used [0x000000076ab00000,0x000000077d600000,0x000000077d600000)
  from space 63488K, 55% used [0x0000000781380000,0x00000007836324a0,0x0000000785180000)
  to   space 62976K, 0% used [0x000000077d600000,0x000000077d600000,0x0000000781380000)
 ParOldGen       total 192000K, used 136441K [0x00000006c0000000, 0x00000006cbb80000, 0x000000076ab00000)
  object space 192000K, 71% used [0x00000006c0000000,0x00000006c853e750,0x00000006cbb80000)
 Metaspace       used 78399K, capacity 81114K, committed 81328K, reserved 1120256K
  class space    used 10453K, capacity 11153K, committed 11184K, reserved 1048576K
Event: 59.178 GC heap after
Heap after GC invocations=27 (full 4):
 PSYoungGen      total 369152K, used 30948K [0x000000076ab00000, 0x0000000788b80000, 0x00000007c0000000)
  eden space 306176K, 0% used [0x000000076ab00000,0x000000076ab00000,0x000000077d600000)
  from space 62976K, 49% used [0x000000077d600000,0x000000077f439390,0x0000000781380000)
  to   space 60928K, 0% used [0x0000000785000000,0x0000000785000000,0x0000000788b80000)
 ParOldGen       total 192000K, used 156724K [0x00000006c0000000, 0x00000006cbb80000, 0x000000076ab00000)
  object space 192000K, 81% used [0x00000006c0000000,0x00000006c990d0f8,0x00000006cbb80000)
 Metaspace       used 78399K, capacity 81114K, committed 81328K, reserved 1120256K
  class space    used 10453K, capacity 11153K, committed 11184K, reserved 1048576K
}
Event: 59.639 GC heap before
{Heap before GC invocations=28 (full 4):
 PSYoungGen      total 369152K, used 336896K [0x000000076ab00000, 0x0000000788b80000, 0x00000007c0000000)
  eden space 306176K, 99% used [0x000000076ab00000,0x000000077d5c6fe0,0x000000077d600000)
  from space 62976K, 49% used [0x000000077d600000,0x000000077f439390,0x0000000781380000)
  to   space 60928K, 0% used [0x0000000785000000,0x0000000785000000,0x0000000788b80000)
 ParOldGen       total 192000K, used 156724K [0x00000006c0000000, 0x00000006cbb80000, 0x000000076ab00000)
  object space 192000K, 81% used [0x00000006c0000000,0x00000006c990d0f8,0x00000006cbb80000)
 Metaspace       used 78671K, capacity 81358K, committed 81584K, reserved 1120256K
  class space    used 10493K, capacity 11165K, committed 11184K, reserved 1048576K
Event: 59.677 GC heap after
Heap after GC invocations=28 (full 4):
 PSYoungGen      total 432640K, used 18235K [0x000000076ab00000, 0x0000000788d80000, 0x00000007c0000000)
  eden space 371712K, 0% used [0x000000076ab00000,0x000000076ab00000,0x0000000781600000)
  from space 60928K, 29% used [0x0000000785000000,0x00000007861cec00,0x0000000788b80000)
  to   space 59392K, 0% used [0x0000000781600000,0x0000000781600000,0x0000000785000000)
 ParOldGen       total 192000K, used 166111K [0x00000006c0000000, 0x00000006cbb80000, 0x000000076ab00000)
  object space 192000K, 86% used [0x00000006c0000000,0x00000006ca237d10,0x00000006cbb80000)
 Metaspace       used 78671K, capacity 81358K, committed 81584K, reserved 1120256K
  class space    used 10493K, capacity 11165K, committed 11184K, reserved 1048576K
}
Event: 81.849 GC heap before
{Heap before GC invocations=29 (full 4):
 PSYoungGen      total 432640K, used 389614K [0x000000076ab00000, 0x0000000788d80000, 0x00000007c0000000)
  eden space 371712K, 99% used [0x000000076ab00000,0x00000007815acd88,0x0000000781600000)
  from space 60928K, 29% used [0x0000000785000000,0x00000007861cec00,0x0000000788b80000)
  to   space 59392K, 0% used [0x0000000781600000,0x0000000781600000,0x0000000785000000)
 ParOldGen       total 192000K, used 166111K [0x00000006c0000000, 0x00000006cbb80000, 0x000000076ab00000)
  object space 192000K, 86% used [0x00000006c0000000,0x00000006ca237d10,0x00000006cbb80000)
 Metaspace       used 78678K, capacity 81358K, committed 81584K, reserved 1120256K
  class space    used 10493K, capacity 11165K, committed 11184K, reserved 1048576K

