# JRE version: OpenJDK Runtime Environment (8.0_152) (build 1.8.0_152-release-1343-b16-5323222)
# Java VM: OpenJDK 64-Bit Server VM (25.152-b16-5323222 mixed mode linux-amd64 compressed oops)
Heap:
 PSYoungGen      total 897536K, used 10904K [0x000000076ab00000, 0x00000007a4100000, 0x00000007c0000000)
  eden space 861184K, 0% used [0x000000076ab00000,0x000000076ab00000,0x000000079f400000)
  from space 36352K, 29% used [0x000000079f400000,0x000000079fea6010,0x00000007a1780000)
  to   space 33280K, 0% used [0x00000007a1780000,0x00000007a1780000,0x00000007a3800000)
 ParOldGen       total 192512K, used 107700K [0x00000006c0000000, 0x00000006cbc00000, 0x000000076ab00000)
  object space 192512K, 55% used [0x00000006c0000000,0x00000006c692d200,0x00000006cbc00000)
 Metaspace       used 78597K, capacity 82116K, committed 82992K, reserved 1120256K
  class space    used 10572K, capacity 11385K, committed 11568K, reserved 1048576K
GC Heap History (10 events):
Event: 49.934 GC heap after
Heap after GC invocations=36 (full 4):
 PSYoungGen      total 734720K, used 0K [0x000000076ab00000, 0x0000000799f80000, 0x00000007c0000000)
  eden space 702976K, 0% used [0x000000076ab00000,0x000000076ab00000,0x0000000795980000)
  from space 31744K, 0% used [0x0000000797a00000,0x0000000797a00000,0x0000000799900000)
  to   space 33280K, 0% used [0x0000000795980000,0x0000000795980000,0x0000000797a00000)
 ParOldGen       total 192512K, used 107684K [0x00000006c0000000, 0x00000006cbc00000, 0x000000076ab00000)
  object space 192512K, 55% used [0x00000006c0000000,0x00000006c6929200,0x00000006cbc00000)
 Metaspace       used 78521K, capacity 82034K, committed 82992K, reserved 1120256K
  class space    used 10569K, capacity 11380K, committed 11568K, reserved 1048576K
}
Event: 51.930 GC heap before
{Heap before GC invocations=37 (full 4):
 PSYoungGen      total 734720K, used 702976K [0x000000076ab00000, 0x0000000799f80000, 0x00000007c0000000)
  eden space 702976K, 100% used [0x000000076ab00000,0x0000000795980000,0x0000000795980000)
  from space 31744K, 0% used [0x0000000797a00000,0x0000000797a00000,0x0000000799900000)
  to   space 33280K, 0% used [0x0000000795980000,0x0000000795980000,0x0000000797a00000)
 ParOldGen       total 192512K, used 107684K [0x00000006c0000000, 0x00000006cbc00000, 0x000000076ab00000)
  object space 192512K, 55% used [0x00000006c0000000,0x00000006c6929200,0x00000006cbc00000)
 Metaspace       used 78528K, capacity 82034K, committed 82992K, reserved 1120256K
  class space    used 10569K, capacity 11380K, committed 11568K, reserved 1048576K
Event: 51.983 GC heap after
Heap after GC invocations=37 (full 4):
 PSYoungGen      total 736256K, used 9716K [0x000000076ab00000, 0x000000079e880000, 0x00000007c0000000)
  eden space 702976K, 0% used [0x000000076ab00000,0x000000076ab00000,0x0000000795980000)
  from space 33280K, 29% used [0x0000000795980000,0x00000007962fd110,0x0000000797a00000)
  to   space 31744K, 0% used [0x000000079c980000,0x000000079c980000,0x000000079e880000)
 ParOldGen       total 192512K, used 107692K [0x00000006c0000000, 0x00000006cbc00000, 0x000000076ab00000)
  object space 192512K, 55% used [0x00000006c0000000,0x00000006c692b200,0x00000006cbc00000)
 Metaspace       used 78528K, capacity 82034K, committed 82992K, reserved 1120256K
  class space    used 10569K, capacity 11380K, committed 11568K, reserved 1048576K
}
Event: 53.631 GC heap before
{Heap before GC invocations=38 (full 4):
 PSYoungGen      total 736256K, used 712692K [0x000000076ab00000, 0x000000079e880000, 0x00000007c0000000)
  eden space 702976K, 100% used [0x000000076ab00000,0x0000000795980000,0x0000000795980000)
  from space 33280K, 29% used [0x0000000795980000,0x00000007962fd110,0x0000000797a00000)
  to   space 31744K, 0% used [0x000000079c980000,0x000000079c980000,0x000000079e880000)
 ParOldGen       total 192512K, used 107692K [0x00000006c0000000, 0x00000006cbc00000, 0x000000076ab00000)
  object space 192512K, 55% used [0x00000006c0000000,0x00000006c692b200,0x00000006cbc00000)
 Metaspace       used 78536K, capacity 82098K, committed 82992K, reserved 1120256K
  class space    used 10569K, capacity 11380K, committed 11568K, reserved 1048576K
Event: 53.648 GC heap after
Heap after GC invocations=38 (full 4):
 PSYoungGen      total 799232K, used 9954K [0x000000076ab00000, 0x000000079de80000, 0x00000007c0000000)
  eden space 777728K, 0% used [0x000000076ab00000,0x000000076ab00000,0x000000079a280000)
  from space 21504K, 46% used [0x000000079c980000,0x000000079d338978,0x000000079de80000)
  to   space 30720K, 0% used [0x000000079a280000,0x000000079a280000,0x000000079c080000)
 ParOldGen       total 192512K, used 107692K [0x00000006c0000000, 0x00000006cbc00000, 0x000000076ab00000)
  object space 192512K, 55% used [0x00000006c0000000,0x00000006c692b200,0x00000006cbc00000)
 Metaspace       used 78536K, capacity 82098K, committed 82992K, reserved 1120256K
  class space    used 10569K, capacity 11380K, committed 11568K, reserved 1048576K
}
Event: 55.312 GC heap before
{Heap before GC invocations=39 (full 4):
 PSYoungGen      total 799232K, used 787682K [0x000000076ab00000, 0x000000079de80000, 0x00000007c0000000)
  eden space 777728K, 100% used [0x000000076ab00000,0x000000079a280000,0x000000079a280000)
  from space 21504K, 46% used [0x000000079c980000,0x000000079d338978,0x000000079de80000)
  to   space 30720K, 0% used [0x000000079a280000,0x000000079a280000,0x000000079c080000)
 ParOldGen       total 192512K, used 107692K [0x00000006c0000000, 0x00000006cbc00000, 0x000000076ab00000)
  object space 192512K, 55% used [0x00000006c0000000,0x00000006c692b200,0x00000006cbc00000)
 Metaspace       used 78556K, capacity 82104K, committed 82992K, reserved 1120256K
  class space    used 10569K, capacity 11381K, committed 11568K, reserved 1048576K
Event: 55.373 GC heap after
Heap after GC invocations=39 (full 4):
 PSYoungGen      total 808448K, used 24875K [0x000000076ab00000, 0x00000007a3800000, 0x00000007c0000000)
  eden space 777728K, 0% used [0x000000076ab00000,0x000000076ab00000,0x000000079a280000)
  from space 30720K, 80% used [0x000000079a280000,0x000000079bacaf08,0x000000079c080000)
  to   space 33280K, 0% used [0x00000007a1780000,0x00000007a1780000,0x00000007a3800000)
 ParOldGen       total 192512K, used 107692K [0x00000006c0000000, 0x00000006cbc00000, 0x000000076ab00000)
  object space 192512K, 55% used [0x00000006c0000000,0x00000006c692b200,0x00000006cbc00000)
 Metaspace       used 78556K, capacity 82104K, committed 82992K, reserved 1120256K
  class space    used 10569K, capacity 11381K, committed 11568K, reserved 1048576K
}
Event: 57.119 GC heap before
{Heap before GC invocations=40 (full 4):
 PSYoungGen      total 808448K, used 802603K [0x000000076ab00000, 0x00000007a3800000, 0x00000007c0000000)
  eden space 777728K, 100% used [0x000000076ab00000,0x000000079a280000,0x000000079a280000)
  from space 30720K, 80% used [0x000000079a280000,0x000000079bacaf08,0x000000079c080000)
  to   space 33280K, 0% used [0x00000007a1780000,0x00000007a1780000,0x00000007a3800000)
 ParOldGen       total 192512K, used 107692K [0x00000006c0000000, 0x00000006cbc00000, 0x000000076ab00000)
  object space 192512K, 55% used [0x00000006c0000000,0x00000006c692b200,0x00000006cbc00000)
 Metaspace       used 78565K, capacity 82104K, committed 82992K, reserved 1120256K
  class space    used 10569K, capacity 11381K, committed 11568K, reserved 1048576K
Event: 57.192 GC heap after
Heap after GC invocations=40 (full 4):
 PSYoungGen      total 894464K, used 26798K [0x000000076ab00000, 0x00000007a4100000, 0x00000007c0000000)
  eden space 861184K, 0% used [0x000000076ab00000,0x000000076ab00000,0x000000079f400000)
  from space 33280K, 80% used [0x00000007a1780000,0x00000007a31ab930,0x00000007a3800000)
  to   space 36352K, 0% used [0x000000079f400000,0x000000079f400000,0x00000007a1780000)
 ParOldGen       total 192512K, used 107692K [0x00000006c0000000, 0x00000006cbc00000, 0x000000076ab00000)
  object space 192512K, 55% used [0x00000006c0000000,0x00000006c692b200,0x00000006cbc00000)
 Metaspace       used 78565K, capacity 82104K, committed 82992K, reserved 1120256K
  class space    used 10569K, capacity 11381K, committed 11568K, reserved 1048576K
}
Event: 140.418 GC heap before
{Heap before GC invocations=41 (full 4):
 PSYoungGen      total 894464K, used 887982K [0x000000076ab00000, 0x00000007a4100000, 0x00000007c0000000)
  eden space 861184K, 100% used [0x000000076ab00000,0x000000079f400000,0x000000079f400000)
  from space 33280K, 80% used [0x00000007a1780000,0x00000007a31ab930,0x00000007a3800000)
  to   space 36352K, 0% used [0x000000079f400000,0x000000079f400000,0x00000007a1780000)
 ParOldGen       total 192512K, used 107692K [0x00000006c0000000, 0x00000006cbc00000, 0x000000076ab00000)
  object space 192512K, 55% used [0x00000006c0000000,0x00000006c692b200,0x00000006cbc00000)
 Metaspace       used 78597K, capacity 82116K, committed 82992K, reserved 1120256K
  class space    used 10572K, capacity 11385K, committed 11568K, reserved 1048576K

